Log dimulai pada: Wed, Apr 23, 2025  9:15:59 PM
[ERROR] c:/Users/user/-1.14-windows.xml tidak dapat dibaca
[ERROR] c:/Users/user/advanced_ip_scanner_Aliases.bin tidak dapat dibaca
[ERROR] c:/Users/user/advanced_ip_scanner_Comments.bin tidak dapat dibaca
[ERROR] c:/Users/user/advanced_ip_scanner_MAC.bin tidak dapat dibaca
[ERROR] c:/Users/user/d4ac4633ebd6440fa397b84f1bc94a3c.7z tidak dapat dibaca
[ERROR] c:/Users/user/inittk.ini tidak dapat dibaca
[ERROR] c:/Users/user/inst.ini tidak dapat dibaca
[ERROR] c:/Users/user/NTUSER.DAT tidak dapat dibaca
[ERROR] c:/Users/user/ntuser.dat.LOG1 tidak dapat dibaca
[ERROR] c:/Users/user/ntuser.dat.LOG2 tidak dapat dibaca
[ERROR] c:/Users/user/NTUSER.DAT{53b39e88-18c4-11ea-a811-000d3aa4692b}.TM.blf tidak dapat dibaca
[ERROR] c:/Users/user/NTUSER.DAT{53b39e88-18c4-11ea-a811-000d3aa4692b}.TMContainer00000000000000000001.regtrans-ms tidak dapat dibaca
[ERROR] c:/Users/user/NTUSER.DAT{53b39e88-18c4-11ea-a811-000d3aa4692b}.TMContainer00000000000000000002.regtrans-ms tidak dapat dibaca
[ERROR] c:/Users/user/ntuser.ini tidak dapat dibaca
[ERROR] c:/Users/user/nuuid.ini tidak dapat dibaca
[ERROR] c:/Users/user/screenshot.png tidak dapat dibaca
[ERROR] c:/Users/user/useruid.ini tidak dapat dibaca
Log selesai: Wed, Apr 23, 2025  9:16:03 PM
Log dimulai pada: Wed, Apr 23, 2025  9:16:50 PM
[OK] c:/Users/user/-1.14-windows.xml dapat dibaca
[OK] c:/Users/user/advanced_ip_scanner_Aliases.bin dapat dibaca
[OK] c:/Users/user/advanced_ip_scanner_Comments.bin dapat dibaca
[OK] c:/Users/user/advanced_ip_scanner_MAC.bin dapat dibaca
[OK] c:/Users/user/d4ac4633ebd6440fa397b84f1bc94a3c.7z dapat dibaca
[OK] c:/Users/user/inittk.ini dapat dibaca
[OK] c:/Users/user/inst.ini dapat dibaca
[OK] c:/Users/user/NTUSER.DAT dapat dibaca
[OK] c:/Users/user/ntuser.dat.LOG1 dapat dibaca
[OK] c:/Users/user/ntuser.dat.LOG2 dapat dibaca
[OK] c:/Users/user/NTUSER.DAT{53b39e88-18c4-11ea-a811-000d3aa4692b}.TM.blf dapat dibaca
[OK] c:/Users/user/NTUSER.DAT{53b39e88-18c4-11ea-a811-000d3aa4692b}.TMContainer00000000000000000001.regtrans-ms dapat dibaca
[OK] c:/Users/user/NTUSER.DAT{53b39e88-18c4-11ea-a811-000d3aa4692b}.TMContainer00000000000000000002.regtrans-ms dapat dibaca
[OK] c:/Users/user/ntuser.ini dapat dibaca
[OK] c:/Users/user/nuuid.ini dapat dibaca
[OK] c:/Users/user/screenshot.png dapat dibaca
[OK] c:/Users/user/useruid.ini dapat dibaca
Log selesai: Wed, Apr 23, 2025  9:16:53 PM
Log dimulai pada: Wed, Apr 23, 2025  9:19:30 PM
[OK] c:/Users/user/-1.14-windows.xml dapat dibaca
[OK] c:/Users/user/advanced_ip_scanner_Aliases.bin dapat dibaca
[OK] c:/Users/user/advanced_ip_scanner_Comments.bin dapat dibaca
[OK] c:/Users/user/advanced_ip_scanner_MAC.bin dapat dibaca
[OK] c:/Users/user/d4ac4633ebd6440fa397b84f1bc94a3c.7z dapat dibaca
[OK] c:/Users/user/inittk.ini dapat dibaca
[OK] c:/Users/user/inst.ini dapat dibaca
[ERROR] c:/Users/user/New Text Document.txt tidak dapat dibaca
[OK] c:/Users/user/NTUSER.DAT dapat dibaca
[OK] c:/Users/user/ntuser.dat.LOG1 dapat dibaca
[OK] c:/Users/user/ntuser.dat.LOG2 dapat dibaca
[OK] c:/Users/user/NTUSER.DAT{53b39e88-18c4-11ea-a811-000d3aa4692b}.TM.blf dapat dibaca
[OK] c:/Users/user/NTUSER.DAT{53b39e88-18c4-11ea-a811-000d3aa4692b}.TMContainer00000000000000000001.regtrans-ms dapat dibaca
[OK] c:/Users/user/NTUSER.DAT{53b39e88-18c4-11ea-a811-000d3aa4692b}.TMContainer00000000000000000002.regtrans-ms dapat dibaca
[OK] c:/Users/user/ntuser.ini dapat dibaca
[OK] c:/Users/user/nuuid.ini dapat dibaca
[OK] c:/Users/user/screenshot.png dapat dibaca
[OK] c:/Users/user/useruid.ini dapat dibaca
Log selesai: Wed, Apr 23, 2025  9:19:34 PM
Log dimulai pada: Wed, Apr 23, 2025  9:20:05 PM
[OK] c:/Users/user/Documents/t.txt dapat dibaca
[OK] c:/Users/user/Documents/VID_20240827_200824.mp4 dapat dibaca
Log selesai: Wed, Apr 23, 2025  9:20:05 PM
Log dimulai pada: Wed, Apr 23, 2025  9:20:12 PM
[OK] c:/Users/user/-1.14-windows.xml dapat dibaca
[OK] c:/Users/user/advanced_ip_scanner_Aliases.bin dapat dibaca
[OK] c:/Users/user/advanced_ip_scanner_Comments.bin dapat dibaca
[OK] c:/Users/user/advanced_ip_scanner_MAC.bin dapat dibaca
[OK] c:/Users/user/d4ac4633ebd6440fa397b84f1bc94a3c.7z dapat dibaca
[OK] c:/Users/user/inittk.ini dapat dibaca
[OK] c:/Users/user/inst.ini dapat dibaca
[ERROR] c:/Users/user/New Text Document.txt tidak dapat dibaca
[OK] c:/Users/user/NTUSER.DAT dapat dibaca
[OK] c:/Users/user/ntuser.dat.LOG1 dapat dibaca
[OK] c:/Users/user/ntuser.dat.LOG2 dapat dibaca
[OK] c:/Users/user/NTUSER.DAT{53b39e88-18c4-11ea-a811-000d3aa4692b}.TM.blf dapat dibaca
[OK] c:/Users/user/NTUSER.DAT{53b39e88-18c4-11ea-a811-000d3aa4692b}.TMContainer00000000000000000001.regtrans-ms dapat dibaca
[OK] c:/Users/user/NTUSER.DAT{53b39e88-18c4-11ea-a811-000d3aa4692b}.TMContainer00000000000000000002.regtrans-ms dapat dibaca
[OK] c:/Users/user/ntuser.ini dapat dibaca
[OK] c:/Users/user/nuuid.ini dapat dibaca
[OK] c:/Users/user/screenshot.png dapat dibaca
[OK] c:/Users/user/useruid.ini dapat dibaca
Log selesai: Wed, Apr 23, 2025  9:20:16 PM
Log dimulai pada: Wed, Apr 23, 2025  9:21:40 PM
[OK] c:/Users/user/-1.14-windows.xml dapat dibaca
[OK] c:/Users/user/advanced_ip_scanner_Aliases.bin dapat dibaca
[OK] c:/Users/user/advanced_ip_scanner_Comments.bin dapat dibaca
[OK] c:/Users/user/advanced_ip_scanner_MAC.bin dapat dibaca
[OK] c:/Users/user/d4ac4633ebd6440fa397b84f1bc94a3c.7z dapat dibaca
[OK] c:/Users/user/inittk.ini dapat dibaca
[OK] c:/Users/user/inst.ini dapat dibaca
[ERROR] c:/Users/user/New Text Document.txt tidak dapat dibaca
[OK] c:/Users/user/NTUSER.DAT dapat dibaca
[OK] c:/Users/user/ntuser.dat.LOG1 dapat dibaca
[OK] c:/Users/user/ntuser.dat.LOG2 dapat dibaca
[OK] c:/Users/user/NTUSER.DAT{53b39e88-18c4-11ea-a811-000d3aa4692b}.TM.blf dapat dibaca
[OK] c:/Users/user/NTUSER.DAT{53b39e88-18c4-11ea-a811-000d3aa4692b}.TMContainer00000000000000000001.regtrans-ms dapat dibaca
[OK] c:/Users/user/NTUSER.DAT{53b39e88-18c4-11ea-a811-000d3aa4692b}.TMContainer00000000000000000002.regtrans-ms dapat dibaca
[OK] c:/Users/user/ntuser.ini dapat dibaca
[OK] c:/Users/user/nuuid.ini dapat dibaca
[OK] c:/Users/user/screenshot.png dapat dibaca
[OK] c:/Users/user/useruid.ini dapat dibaca
Log selesai: Wed, Apr 23, 2025  9:21:45 PM
Log dimulai pada: Wed, Apr 23, 2025  9:21:58 PM
[OK] c:/Users/user/Documents/t.txt dapat dibaca
[OK] c:/Users/user/Documents/VID_20240827_200824.mp4 dapat dibaca
Log selesai: Wed, Apr 23, 2025  9:21:58 PM
Log dimulai pada: Wed, Apr 23, 2025  9:22:08 PM
[OK] c:/Users/user/-1.14-windows.xml dapat dibaca
[OK] c:/Users/user/advanced_ip_scanner_Aliases.bin dapat dibaca
[OK] c:/Users/user/advanced_ip_scanner_Comments.bin dapat dibaca
[OK] c:/Users/user/advanced_ip_scanner_MAC.bin dapat dibaca
[OK] c:/Users/user/d4ac4633ebd6440fa397b84f1bc94a3c.7z dapat dibaca
[OK] c:/Users/user/inittk.ini dapat dibaca
[OK] c:/Users/user/inst.ini dapat dibaca
[WARNING] c:/Users/user/New Text Document.txt dapat dibaca tetapi kosong
[OK] c:/Users/user/NTUSER.DAT dapat dibaca
[OK] c:/Users/user/ntuser.dat.LOG1 dapat dibaca
[OK] c:/Users/user/ntuser.dat.LOG2 dapat dibaca
[OK] c:/Users/user/NTUSER.DAT{53b39e88-18c4-11ea-a811-000d3aa4692b}.TM.blf dapat dibaca
[OK] c:/Users/user/NTUSER.DAT{53b39e88-18c4-11ea-a811-000d3aa4692b}.TMContainer00000000000000000001.regtrans-ms dapat dibaca
[OK] c:/Users/user/NTUSER.DAT{53b39e88-18c4-11ea-a811-000d3aa4692b}.TMContainer00000000000000000002.regtrans-ms dapat dibaca
[OK] c:/Users/user/ntuser.ini dapat dibaca
[OK] c:/Users/user/nuuid.ini dapat dibaca
[OK] c:/Users/user/screenshot.png dapat dibaca
[OK] c:/Users/user/useruid.ini dapat dibaca
Log selesai: Wed, Apr 23, 2025  9:22:12 PM
Log dimulai pada: Wed, Apr 23, 2025  9:24:49 PM
[OK] c:/Users/user/-1.14-windows.xml dapat dibaca
[OK] c:/Users/user/advanced_ip_scanner_Aliases.bin dapat dibaca
[OK] c:/Users/user/advanced_ip_scanner_Comments.bin dapat dibaca
[OK] c:/Users/user/advanced_ip_scanner_MAC.bin dapat dibaca
[OK] c:/Users/user/d4ac4633ebd6440fa397b84f1bc94a3c.7z dapat dibaca
[OK] c:/Users/user/inittk.ini dapat dibaca
[OK] c:/Users/user/inst.ini dapat dibaca
[WARNING] c:/Users/user/New Text Document.txt dapat dibaca tetapi kosong
[OK] c:/Users/user/NTUSER.DAT dapat dibaca
[OK] c:/Users/user/ntuser.dat.LOG1 dapat dibaca
[OK] c:/Users/user/ntuser.dat.LOG2 dapat dibaca
[OK] c:/Users/user/NTUSER.DAT{53b39e88-18c4-11ea-a811-000d3aa4692b}.TM.blf dapat dibaca
[OK] c:/Users/user/NTUSER.DAT{53b39e88-18c4-11ea-a811-000d3aa4692b}.TMContainer00000000000000000001.regtrans-ms dapat dibaca
[OK] c:/Users/user/NTUSER.DAT{53b39e88-18c4-11ea-a811-000d3aa4692b}.TMContainer00000000000000000002.regtrans-ms dapat dibaca
[OK] c:/Users/user/ntuser.ini dapat dibaca
[OK] c:/Users/user/nuuid.ini dapat dibaca
[OK] c:/Users/user/screenshot.png dapat dibaca
[OK] c:/Users/user/useruid.ini dapat dibaca
Log selesai: Wed, Apr 23, 2025  9:24:53 PM
Log dimulai pada: Wed, Apr 23, 2025  9:25:28 PM
[OK] c:/Users/user/-1.14-windows.xml dapat dibaca
[OK] c:/Users/user/advanced_ip_scanner_Aliases.bin dapat dibaca
[OK] c:/Users/user/advanced_ip_scanner_Comments.bin dapat dibaca
[OK] c:/Users/user/advanced_ip_scanner_MAC.bin dapat dibaca
[OK] c:/Users/user/d4ac4633ebd6440fa397b84f1bc94a3c.7z dapat dibaca
[WARNING] c:/Users/user/hello.vbs dapat dibaca tetapi kosong
[OK] c:/Users/user/inittk.ini dapat dibaca
[OK] c:/Users/user/inst.ini dapat dibaca
[WARNING] c:/Users/user/New Text Document.txt dapat dibaca tetapi kosong
[OK] c:/Users/user/NTUSER.DAT dapat dibaca
[OK] c:/Users/user/ntuser.dat.LOG1 dapat dibaca
[OK] c:/Users/user/ntuser.dat.LOG2 dapat dibaca
[OK] c:/Users/user/NTUSER.DAT{53b39e88-18c4-11ea-a811-000d3aa4692b}.TM.blf dapat dibaca
[OK] c:/Users/user/NTUSER.DAT{53b39e88-18c4-11ea-a811-000d3aa4692b}.TMContainer00000000000000000001.regtrans-ms dapat dibaca
[OK] c:/Users/user/NTUSER.DAT{53b39e88-18c4-11ea-a811-000d3aa4692b}.TMContainer00000000000000000002.regtrans-ms dapat dibaca
[OK] c:/Users/user/ntuser.ini dapat dibaca
[OK] c:/Users/user/nuuid.ini dapat dibaca
[OK] c:/Users/user/screenshot.png dapat dibaca
[OK] c:/Users/user/useruid.ini dapat dibaca
Log selesai: Wed, Apr 23, 2025  9:25:32 PM
Log dimulai pada: Wed, Apr 23, 2025  9:27:08 PM
[OK] c:/Users/user/-1.14-windows.xml dapat dibaca
[OK] c:/Users/user/advanced_ip_scanner_Aliases.bin dapat dibaca
[OK] c:/Users/user/advanced_ip_scanner_Comments.bin dapat dibaca
[OK] c:/Users/user/advanced_ip_scanner_MAC.bin dapat dibaca
[OK] c:/Users/user/d4ac4633ebd6440fa397b84f1bc94a3c.7z dapat dibaca
[OK] c:/Users/user/inittk.ini dapat dibaca
[OK] c:/Users/user/inst.ini dapat dibaca
[OK] c:/Users/user/NTUSER.DAT dapat dibaca
[OK] c:/Users/user/ntuser.dat.LOG1 dapat dibaca
[OK] c:/Users/user/ntuser.dat.LOG2 dapat dibaca
[OK] c:/Users/user/NTUSER.DAT{53b39e88-18c4-11ea-a811-000d3aa4692b}.TM.blf dapat dibaca
[OK] c:/Users/user/NTUSER.DAT{53b39e88-18c4-11ea-a811-000d3aa4692b}.TMContainer00000000000000000001.regtrans-ms dapat dibaca
[OK] c:/Users/user/NTUSER.DAT{53b39e88-18c4-11ea-a811-000d3aa4692b}.TMContainer00000000000000000002.regtrans-ms dapat dibaca
[OK] c:/Users/user/ntuser.ini dapat dibaca
[OK] c:/Users/user/nuuid.ini dapat dibaca
[OK] c:/Users/user/screenshot.png dapat dibaca
[OK] c:/Users/user/useruid.ini dapat dibaca
[OK] c:/Users/user/xampp-windows-x64-8.2.12-0-VS16-installer.exe dapat dibaca
Log selesai: Wed, Apr 23, 2025  9:27:12 PM
